1739125930.934775 client started (5752): version 3.5a, socket /private/tmp/tmux-501/default, protocol 8
1739125930.934879 on Darwin 22.5.0 Darwin Kernel Version 22.5.0: Mon Apr 24 20:51:50 PDT 2023; root:xnu-8796.121.2~5/RELEASE_X86_64
1739125930.934931 using libevent 2.1.12-stable select
1739125930.935235 using utf8proc 2.10.0
1739125930.935279 using ncurses 6.4 20221231
1739125930.935746 flags are 0x18010000
1739125930.935793 socket is /private/tmp/tmux-501/default
1739125930.935823 trying connect
1739125930.935854 connect failed: Connection refused
1739125930.935880 lock file is /private/tmp/tmux-501/default.lock
1739125930.936061 flock succeeded
1739125930.936095 got lock (6)
1739125930.936120 trying connect
1739125930.936155 connect failed: Connection refused
1739125930.937520 add peer 0x7fd018031000: 7 (0x0)
1739125930.946548 sending message 111 to peer 0x7fd018031000 (8 bytes)
1739125930.946582 sending message 111 to peer 0x7fd018031000 (8 bytes)
1739125930.946600 sending message 101 to peer 0x7fd018031000 (14 bytes)
1739125930.946615 sending message 109 to peer 0x7fd018031000 (4 bytes)
1739125930.946629 sending message 102 to peer 0x7fd018031000 (13 bytes)
1739125930.946643 sending message 108 to peer 0x7fd018031000 (30 bytes)
1739125930.946656 sending message 112 to peer 0x7fd018031000 (70 bytes)
1739125930.946669 sending message 112 to peer 0x7fd018031000 (5 bytes)
1739125930.946683 sending message 112 to peer 0x7fd018031000 (5 bytes)
1739125930.946697 sending message 112 to peer 0x7fd018031000 (6 bytes)
1739125930.946710 sending message 112 to peer 0x7fd018031000 (6 bytes)
1739125930.946724 sending message 112 to peer 0x7fd018031000 (11 bytes)
1739125930.946736 sending message 112 to peer 0x7fd018031000 (10 bytes)
1739125930.946751 sending message 112 to peer 0x7fd018031000 (13 bytes)
1739125930.946763 sending message 112 to peer 0x7fd018031000 (14 bytes)
1739125930.946777 sending message 112 to peer 0x7fd018031000 (9 bytes)
1739125930.946790 sending message 112 to peer 0x7fd018031000 (21 bytes)
1739125930.946803 sending message 112 to peer 0x7fd018031000 (19 bytes)
1739125930.946817 sending message 112 to peer 0x7fd018031000 (11 bytes)
1739125930.946831 sending message 112 to peer 0x7fd018031000 (21 bytes)
1739125930.946844 sending message 112 to peer 0x7fd018031000 (13 bytes)
1739125930.946856 sending message 112 to peer 0x7fd018031000 (7 bytes)
1739125930.946869 sending message 112 to peer 0x7fd018031000 (13 bytes)
1739125930.946882 sending message 112 to peer 0x7fd018031000 (7 bytes)
1739125930.946897 sending message 112 to peer 0x7fd018031000 (13 bytes)
1739125930.946911 sending message 112 to peer 0x7fd018031000 (9 bytes)
1739125930.946924 sending message 112 to peer 0x7fd018031000 (21 bytes)
1739125930.946938 sending message 112 to peer 0x7fd018031000 (13 bytes)
1739125930.946951 sending message 112 to peer 0x7fd018031000 (9 bytes)
1739125930.946964 sending message 112 to peer 0x7fd018031000 (16 bytes)
1739125930.946978 sending message 112 to peer 0x7fd018031000 (13 bytes)
1739125930.946991 sending message 112 to peer 0x7fd018031000 (9 bytes)
1739125930.947004 sending message 112 to peer 0x7fd018031000 (9 bytes)
1739125930.947017 sending message 112 to peer 0x7fd018031000 (12 bytes)
1739125930.947030 sending message 112 to peer 0x7fd018031000 (8 bytes)
1739125930.947043 sending message 112 to peer 0x7fd018031000 (12 bytes)
1739125930.947056 sending message 112 to peer 0x7fd018031000 (8 bytes)
1739125930.947068 sending message 112 to peer 0x7fd018031000 (13 bytes)
1739125930.947081 sending message 112 to peer 0x7fd018031000 (7 bytes)
1739125930.947095 sending message 112 to peer 0x7fd018031000 (7 bytes)
1739125930.947109 sending message 112 to peer 0x7fd018031000 (9 bytes)
1739125930.947122 sending message 112 to peer 0x7fd018031000 (12 bytes)
1739125930.947135 sending message 112 to peer 0x7fd018031000 (6 bytes)
1739125930.947148 sending message 112 to peer 0x7fd018031000 (9 bytes)
1739125930.947161 sending message 112 to peer 0x7fd018031000 (15 bytes)
1739125930.947174 sending message 112 to peer 0x7fd018031000 (13 bytes)
1739125930.947205 sending message 112 to peer 0x7fd018031000 (9 bytes)
1739125930.947215 sending message 112 to peer 0x7fd018031000 (12 bytes)
1739125930.947224 sending message 112 to peer 0x7fd018031000 (8 bytes)
1739125930.947233 sending message 112 to peer 0x7fd018031000 (14 bytes)
1739125930.947242 sending message 112 to peer 0x7fd018031000 (11 bytes)
1739125930.947252 sending message 112 to peer 0x7fd018031000 (9 bytes)
1739125930.947266 sending message 112 to peer 0x7fd018031000 (10 bytes)
1739125930.947276 sending message 112 to peer 0x7fd018031000 (10 bytes)
1739125930.947286 sending message 112 to peer 0x7fd018031000 (10 bytes)
1739125930.947295 sending message 112 to peer 0x7fd018031000 (10 bytes)
1739125930.947304 sending message 112 to peer 0x7fd018031000 (11 bytes)
1739125930.947314 sending message 112 to peer 0x7fd018031000 (12 bytes)
1739125930.947323 sending message 112 to peer 0x7fd018031000 (12 bytes)
1739125930.947333 sending message 112 to peer 0x7fd018031000 (12 bytes)
1739125930.947342 sending message 112 to peer 0x7fd018031000 (12 bytes)
1739125930.947351 sending message 112 to peer 0x7fd018031000 (12 bytes)
1739125930.947361 sending message 112 to peer 0x7fd018031000 (11 bytes)
1739125930.947370 sending message 112 to peer 0x7fd018031000 (11 bytes)
1739125930.947379 sending message 112 to peer 0x7fd018031000 (12 bytes)
1739125930.947388 sending message 112 to peer 0x7fd018031000 (12 bytes)
1739125930.947397 sending message 112 to peer 0x7fd018031000 (12 bytes)
1739125930.947406 sending message 112 to peer 0x7fd018031000 (12 bytes)
1739125930.947415 sending message 112 to peer 0x7fd018031000 (12 bytes)
1739125930.947425 sending message 112 to peer 0x7fd018031000 (9 bytes)
1739125930.947434 sending message 112 to peer 0x7fd018031000 (12 bytes)
1739125930.947443 sending message 112 to peer 0x7fd018031000 (13 bytes)
1739125930.947452 sending message 112 to peer 0x7fd018031000 (13 bytes)
1739125930.947462 sending message 112 to peer 0x7fd018031000 (13 bytes)
1739125930.947471 sending message 112 to peer 0x7fd018031000 (13 bytes)
1739125930.947481 sending message 112 to peer 0x7fd018031000 (13 bytes)
1739125930.947491 sending message 112 to peer 0x7fd018031000 (8 bytes)
1739125930.947501 sending message 112 to peer 0x7fd018031000 (11 bytes)
1739125930.947509 sending message 112 to peer 0x7fd018031000 (11 bytes)
1739125930.947519 sending message 112 to peer 0x7fd018031000 (11 bytes)
1739125930.947528 sending message 112 to peer 0x7fd018031000 (12 bytes)
1739125930.947538 sending message 112 to peer 0x7fd018031000 (12 bytes)
1739125930.947547 sending message 112 to peer 0x7fd018031000 (12 bytes)
1739125930.947556 sending message 112 to peer 0x7fd018031000 (12 bytes)
1739125930.947565 sending message 112 to peer 0x7fd018031000 (13 bytes)
1739125930.947575 sending message 112 to peer 0x7fd018031000 (13 bytes)
1739125930.947584 sending message 112 to peer 0x7fd018031000 (13 bytes)
1739125930.947593 sending message 112 to peer 0x7fd018031000 (8 bytes)
1739125930.947602 sending message 112 to peer 0x7fd018031000 (13 bytes)
1739125930.947611 sending message 112 to peer 0x7fd018031000 (13 bytes)
1739125930.947620 sending message 112 to peer 0x7fd018031000 (13 bytes)
1739125930.947629 sending message 112 to peer 0x7fd018031000 (13 bytes)
1739125930.947637 sending message 112 to peer 0x7fd018031000 (13 bytes)
1739125930.947646 sending message 112 to peer 0x7fd018031000 (12 bytes)
1739125930.947656 sending message 112 to peer 0x7fd018031000 (12 bytes)
1739125930.947665 sending message 112 to peer 0x7fd018031000 (12 bytes)
1739125930.947674 sending message 112 to peer 0x7fd018031000 (12 bytes)
1739125930.947683 sending message 112 to peer 0x7fd018031000 (13 bytes)
1739125930.947693 sending message 112 to peer 0x7fd018031000 (8 bytes)
1739125930.947703 sending message 112 to peer 0x7fd018031000 (13 bytes)
1739125930.947712 sending message 112 to peer 0x7fd018031000 (13 bytes)
1739125930.947721 sending message 112 to peer 0x7fd018031000 (13 bytes)
1739125930.947731 sending message 112 to peer 0x7fd018031000 (13 bytes)
1739125930.947756 sending message 112 to peer 0x7fd018031000 (13 bytes)
1739125930.947766 sending message 112 to peer 0x7fd018031000 (13 bytes)
1739125930.947775 sending message 112 to peer 0x7fd018031000 (13 bytes)
1739125930.947784 sending message 112 to peer 0x7fd018031000 (12 bytes)
1739125930.947793 sending message 112 to peer 0x7fd018031000 (12 bytes)
1739125930.947802 sending message 112 to peer 0x7fd018031000 (12 bytes)
1739125930.947812 sending message 112 to peer 0x7fd018031000 (8 bytes)
1739125930.947821 sending message 112 to peer 0x7fd018031000 (12 bytes)
1739125930.947829 sending message 112 to peer 0x7fd018031000 (13 bytes)
1739125930.947838 sending message 112 to peer 0x7fd018031000 (13 bytes)
1739125930.947847 sending message 112 to peer 0x7fd018031000 (13 bytes)
1739125930.947855 sending message 112 to peer 0x7fd018031000 (13 bytes)
1739125930.947864 sending message 112 to peer 0x7fd018031000 (13 bytes)
1739125930.947876 sending message 112 to peer 0x7fd018031000 (13 bytes)
1739125930.947885 sending message 112 to peer 0x7fd018031000 (13 bytes)
1739125930.947894 sending message 112 to peer 0x7fd018031000 (13 bytes)
1739125930.947905 sending message 112 to peer 0x7fd018031000 (12 bytes)
1739125930.947914 sending message 112 to peer 0x7fd018031000 (10 bytes)
1739125930.947923 sending message 112 to peer 0x7fd018031000 (12 bytes)
1739125930.947933 sending message 112 to peer 0x7fd018031000 (12 bytes)
1739125930.947942 sending message 112 to peer 0x7fd018031000 (12 bytes)
1739125930.947951 sending message 112 to peer 0x7fd018031000 (13 bytes)
1739125930.947960 sending message 112 to peer 0x7fd018031000 (13 bytes)
1739125930.947970 sending message 112 to peer 0x7fd018031000 (13 bytes)
1739125930.947980 sending message 112 to peer 0x7fd018031000 (13 bytes)
1739125930.947989 sending message 112 to peer 0x7fd018031000 (13 bytes)
1739125930.947998 sending message 112 to peer 0x7fd018031000 (13 bytes)
1739125930.948008 sending message 112 to peer 0x7fd018031000 (13 bytes)
1739125930.948018 sending message 112 to peer 0x7fd018031000 (10 bytes)
1739125930.948027 sending message 112 to peer 0x7fd018031000 (13 bytes)
1739125930.948036 sending message 112 to peer 0x7fd018031000 (12 bytes)
1739125930.948046 sending message 112 to peer 0x7fd018031000 (12 bytes)
1739125930.948055 sending message 112 to peer 0x7fd018031000 (12 bytes)
1739125930.948064 sending message 112 to peer 0x7fd018031000 (10 bytes)
1739125930.948073 sending message 112 to peer 0x7fd018031000 (10 bytes)
1739125930.948083 sending message 112 to peer 0x7fd018031000 (10 bytes)
1739125930.948092 sending message 112 to peer 0x7fd018031000 (12 bytes)
1739125930.948101 sending message 112 to peer 0x7fd018031000 (13 bytes)
1739125930.948111 sending message 112 to peer 0x7fd018031000 (13 bytes)
1739125930.948121 sending message 112 to peer 0x7fd018031000 (13 bytes)
1739125930.948131 sending message 112 to peer 0x7fd018031000 (13 bytes)
1739125930.948140 sending message 112 to peer 0x7fd018031000 (13 bytes)
1739125930.948149 sending message 112 to peer 0x7fd018031000 (10 bytes)
1739125930.948159 sending message 112 to peer 0x7fd018031000 (11 bytes)
1739125930.948168 sending message 112 to peer 0x7fd018031000 (12 bytes)
1739125930.948176 sending message 112 to peer 0x7fd018031000 (12 bytes)
1739125930.948185 sending message 112 to peer 0x7fd018031000 (12 bytes)
1739125930.948203 sending message 112 to peer 0x7fd018031000 (12 bytes)
1739125930.948213 sending message 112 to peer 0x7fd018031000 (12 bytes)
1739125930.948223 sending message 112 to peer 0x7fd018031000 (11 bytes)
1739125930.948233 sending message 112 to peer 0x7fd018031000 (12 bytes)
1739125930.948242 sending message 112 to peer 0x7fd018031000 (12 bytes)
1739125930.948252 sending message 112 to peer 0x7fd018031000 (13 bytes)
1739125930.948261 sending message 112 to peer 0x7fd018031000 (13 bytes)
1739125930.948271 sending message 112 to peer 0x7fd018031000 (13 bytes)
1739125930.948280 sending message 112 to peer 0x7fd018031000 (13 bytes)
1739125930.948290 sending message 112 to peer 0x7fd018031000 (13 bytes)
1739125930.948316 sending message 112 to peer 0x7fd018031000 (10 bytes)
1739125930.948326 sending message 112 to peer 0x7fd018031000 (9 bytes)
1739125930.948335 sending message 112 to peer 0x7fd018031000 (12 bytes)
1739125930.948344 sending message 112 to peer 0x7fd018031000 (13 bytes)
1739125930.948354 sending message 112 to peer 0x7fd018031000 (13 bytes)
1739125930.948363 sending message 112 to peer 0x7fd018031000 (13 bytes)
1739125930.948372 sending message 112 to peer 0x7fd018031000 (13 bytes)
1739125930.948381 sending message 112 to peer 0x7fd018031000 (13 bytes)
1739125930.948391 sending message 112 to peer 0x7fd018031000 (9 bytes)
1739125930.948399 sending message 112 to peer 0x7fd018031000 (12 bytes)
1739125930.948408 sending message 112 to peer 0x7fd018031000 (13 bytes)
1739125930.948418 sending message 112 to peer 0x7fd018031000 (13 bytes)
1739125930.948428 sending message 112 to peer 0x7fd018031000 (13 bytes)
1739125930.948437 sending message 112 to peer 0x7fd018031000 (13 bytes)
1739125930.948446 sending message 112 to peer 0x7fd018031000 (13 bytes)
1739125930.948455 sending message 112 to peer 0x7fd018031000 (11 bytes)
1739125930.948464 sending message 112 to peer 0x7fd018031000 (12 bytes)
1739125930.948473 sending message 112 to peer 0x7fd018031000 (13 bytes)
1739125930.948482 sending message 112 to peer 0x7fd018031000 (13 bytes)
1739125930.948492 sending message 112 to peer 0x7fd018031000 (13 bytes)
1739125930.948506 sending message 112 to peer 0x7fd018031000 (13 bytes)
1739125930.948516 sending message 112 to peer 0x7fd018031000 (13 bytes)
1739125930.948526 sending message 112 to peer 0x7fd018031000 (11 bytes)
1739125930.948535 sending message 112 to peer 0x7fd018031000 (12 bytes)
1739125930.948545 sending message 112 to peer 0x7fd018031000 (12 bytes)
1739125930.948553 sending message 112 to peer 0x7fd018031000 (12 bytes)
1739125930.948561 sending message 112 to peer 0x7fd018031000 (12 bytes)
1739125930.948571 sending message 112 to peer 0x7fd018031000 (12 bytes)
1739125930.948580 sending message 112 to peer 0x7fd018031000 (21 bytes)
1739125930.948589 sending message 112 to peer 0x7fd018031000 (12 bytes)
1739125930.948598 sending message 112 to peer 0x7fd018031000 (9 bytes)
1739125930.948607 sending message 112 to peer 0x7fd018031000 (6 bytes)
1739125930.948617 sending message 112 to peer 0x7fd018031000 (13 bytes)
1739125930.948627 sending message 112 to peer 0x7fd018031000 (10 bytes)
1739125930.948636 sending message 112 to peer 0x7fd018031000 (15 bytes)
1739125930.948646 sending message 112 to peer 0x7fd018031000 (13 bytes)
1739125930.948655 sending message 112 to peer 0x7fd018031000 (9 bytes)
1739125930.948665 sending message 112 to peer 0x7fd018031000 (70 bytes)
1739125930.948674 sending message 112 to peer 0x7fd018031000 (69 bytes)
1739125930.948683 sending message 112 to peer 0x7fd018031000 (34 bytes)
1739125930.948693 sending message 112 to peer 0x7fd018031000 (34 bytes)
1739125930.948702 sending message 112 to peer 0x7fd018031000 (70 bytes)
1739125930.948711 sending message 112 to peer 0x7fd018031000 (12 bytes)
1739125930.948721 sending message 112 to peer 0x7fd018031000 (10 bytes)
1739125930.948731 sending message 112 to peer 0x7fd018031000 (10 bytes)
1739125930.948740 sending message 112 to peer 0x7fd018031000 (15 bytes)
1739125930.948749 sending message 112 to peer 0x7fd018031000 (13 bytes)
1739125930.948758 sending message 112 to peer 0x7fd018031000 (10 bytes)
1739125930.948767 sending message 112 to peer 0x7fd018031000 (10 bytes)
1739125930.948776 sending message 112 to peer 0x7fd018031000 (17 bytes)
1739125930.948786 sending message 112 to peer 0x7fd018031000 (10 bytes)
1739125930.948795 sending message 112 to peer 0x7fd018031000 (13 bytes)
1739125930.948804 sending message 112 to peer 0x7fd018031000 (32 bytes)
1739125930.948814 sending message 112 to peer 0x7fd018031000 (5 bytes)
1739125930.948823 sending message 112 to peer 0x7fd018031000 (9 bytes)
1739125930.948832 sending message 112 to peer 0x7fd018031000 (15 bytes)
1739125930.948841 sending message 112 to peer 0x7fd018031000 (5 bytes)
1739125930.948870 sending message 104 to peer 0x7fd018031000 (0 bytes)
1739125930.948881 sending message 110 to peer 0x7fd018031000 (0 bytes)
1739125930.948890 sending message 107 to peer 0x7fd018031000 (4 bytes)
1739125930.948900 sending message 105 to peer 0x7fd018031000 (69 bytes)
1739125930.948910 sending message 105 to peer 0x7fd018031000 (75 bytes)
1739125930.948918 sending message 105 to peer 0x7fd018031000 (21 bytes)
1739125930.948928 sending message 105 to peer 0x7fd018031000 (15 bytes)
1739125930.948937 sending message 105 to peer 0x7fd018031000 (19 bytes)
1739125930.948946 sending message 105 to peer 0x7fd018031000 (57 bytes)
1739125930.948955 sending message 105 to peer 0x7fd018031000 (27 bytes)
1739125930.948964 sending message 105 to peer 0x7fd018031000 (15 bytes)
1739125930.948972 sending message 105 to peer 0x7fd018031000 (22 bytes)
1739125930.948981 sending message 105 to peer 0x7fd018031000 (66 bytes)
1739125930.948990 sending message 105 to peer 0x7fd018031000 (32 bytes)
1739125930.949000 sending message 105 to peer 0x7fd018031000 (326 bytes)
1739125930.949009 sending message 105 to peer 0x7fd018031000 (43 bytes)
1739125930.949018 sending message 105 to peer 0x7fd018031000 (34 bytes)
1739125930.949027 sending message 105 to peer 0x7fd018031000 (17 bytes)
1739125930.949036 sending message 105 to peer 0x7fd018031000 (14 bytes)
1739125930.949045 sending message 105 to peer 0x7fd018031000 (19 bytes)
1739125930.949053 sending message 105 to peer 0x7fd018031000 (8 bytes)
1739125930.949062 sending message 105 to peer 0x7fd018031000 (22 bytes)
1739125930.949071 sending message 105 to peer 0x7fd018031000 (63 bytes)
1739125930.949086 sending message 105 to peer 0x7fd018031000 (36 bytes)
1739125930.949096 sending message 105 to peer 0x7fd018031000 (18 bytes)
1739125930.949106 sending message 105 to peer 0x7fd018031000 (115 bytes)
1739125930.949115 sending message 105 to peer 0x7fd018031000 (57 bytes)
1739125930.949124 sending message 105 to peer 0x7fd018031000 (20 bytes)
1739125930.949133 sending message 105 to peer 0x7fd018031000 (24 bytes)
1739125930.949142 sending message 105 to peer 0x7fd018031000 (36 bytes)
1739125930.949151 sending message 105 to peer 0x7fd018031000 (12 bytes)
1739125930.949159 sending message 105 to peer 0x7fd018031000 (115 bytes)
1739125930.949168 sending message 105 to peer 0x7fd018031000 (53 bytes)
1739125930.949177 sending message 105 to peer 0x7fd018031000 (14 bytes)
1739125930.949186 sending message 105 to peer 0x7fd018031000 (162 bytes)
1739125930.949195 sending message 105 to peer 0x7fd018031000 (123 bytes)
1739125930.949205 sending message 105 to peer 0x7fd018031000 (62 bytes)
1739125930.949214 sending message 105 to peer 0x7fd018031000 (96 bytes)
1739125930.949223 sending message 105 to peer 0x7fd018031000 (18 bytes)
1739125930.949231 sending message 105 to peer 0x7fd018031000 (49 bytes)
1739125930.949240 sending message 105 to peer 0x7fd018031000 (44 bytes)
1739125930.949249 sending message 105 to peer 0x7fd018031000 (16 bytes)
1739125930.949258 sending message 105 to peer 0x7fd018031000 (19 bytes)
1739125930.949267 sending message 105 to peer 0x7fd018031000 (38 bytes)
1739125930.949276 sending message 105 to peer 0x7fd018031000 (85 bytes)
1739125930.949284 sending message 105 to peer 0x7fd018031000 (32 bytes)
1739125930.949293 sending message 105 to peer 0x7fd018031000 (42 bytes)
1739125930.949302 sending message 105 to peer 0x7fd018031000 (18 bytes)
1739125930.949311 sending message 105 to peer 0x7fd018031000 (45 bytes)
1739125930.949320 sending message 105 to peer 0x7fd018031000 (27 bytes)
1739125930.949329 sending message 105 to peer 0x7fd018031000 (25 bytes)
1739125930.949338 sending message 105 to peer 0x7fd018031000 (13 bytes)
1739125930.949348 sending message 105 to peer 0x7fd018031000 (34 bytes)
1739125930.949358 sending message 106 to peer 0x7fd018031000 (0 bytes)
1739125930.949454 sending message 200 to peer 0x7fd018031000 (4 bytes)
1739125930.949468 client loop enter
1739125930.949492 client_signal: Child exited: 20
1739125931.086382 peer 0x7fd018031000 message 207
1739125931.086485 sending message 208 to peer 0x7fd018031000 (0 bytes)
1739125935.320106 peer 0x7fd018031000 message 203
1739125935.320126 sending message 205 to peer 0x7fd018031000 (0 bytes)
1739125935.320487 peer 0x7fd018031000 message 204
1739125935.320504 client loop exit
